
> noshow@0.1.0 build
> react-scripts build

Creating an optimized production build...
Compiled with warnings.

[eslint] 
src\context\AuthContext.js
  Line 34:6:  React Hook useEffect has a missing dependency: 'fetchUser'. Either include it or remove the dependency array  react-hooks/exhaustive-deps

src\layouts\AuthLayout.js
  Line 4:10:  'useTheme' is defined but never used  no-unused-vars

src\pages\Analytics.js
  Line 19:11:  't' is assigned a value but never used  no-unused-vars

src\pages\Appointments.js
  Line 4:49:  'Filter' is defined but never used        no-unused-vars
  Line 8:8:   'Dropdown' is defined but never used      no-unused-vars
  Line 8:20:  'DropdownItem' is defined but never used  no-unused-vars

src\pages\Patients.js
  Line 11:3:    'SlidersHorizontal' is defined but never used    no-unused-vars
  Line 51:38:   'isFetching' is assigned a value but never used  no-unused-vars
  Line 117:11:  'newPt' is assigned a value but never used       no-unused-vars

src\pages\auth\SignUp.js
  Line 14:11:  'login' is assigned a value but never used  no-unused-vars

Search for the keywords to learn more about each warning.
To ignore, add // eslint-disable-next-line to the line before.

File sizes after gzip:

  232.35 kB  build\static\js\main.01c034b7.js
  6.19 kB    build\static\css\main.513e800c.css
  1.76 kB    build\static\js\453.883091b6.chunk.js

The project was built assuming it is hosted at /.
You can control this with the homepage field in your package.json.

The build folder is ready to be deployed.
You may serve it with a static server:

  npm install -g serve
  serve -s build

Find out more about deployment here:

  https://cra.link/deployment

